<?xml version="1.0" encoding="UTF-8"?>
<testsuite xmlns:xsi="http://www.w3.org/2001/XMLSchema-instance" xsi:noNamespaceSchemaLocation="https://maven.apache.org/surefire/maven-surefire-plugin/xsd/surefire-test-report-3.0.xsd" version="3.0" name="com.epam.tests.CartTests" time="4.863" tests="1" errors="0" skipped="0" failures="0">
  <properties>
[...]
</properties>
  <testcase name="userCanSubscribeFromEmptyCart" classname="com.epam.tests.CartTests" time="2.571">
    <system-out><![CDATA[13:44:27.236 [main] INFO  com.epam.tests.CartTests - Starting Playwright. Headless mode: true
13:44:29.643 [main] INFO  com.epam.tests.CartTests - Test: userCanSubscribeFromEmptyCart started
13:44:29.643 [main] INFO  com.epam.pages.CartPage - Opening base URL: https://automationexercise.com
13:44:31.954 [main] INFO  com.epam.pages.CartPage - Asserting cart is empty
13:44:31.987 [main] INFO  com.epam.pages.CartPage - Subscribing with email: abc@mail.com
13:44:32.034 [main] INFO  com.epam.pages.CartPage - Asserting subscription success message is visible
13:44:32.036 [main] INFO  com.epam.tests.CartTests - Test: userCanSubscribeFromEmptyCart finished
13:44:32.037 [main] INFO  com.epam.tests.CartTests - Closing browser context
]]></system-out>
  </testcase>
</testsuite>